0 info it worked if it ends with ok
1 verbose cli [ '/usr/local/Cellar/node/6.2.1/bin/node',
1 verbose cli   '/usr/local/lib/node_modules/npm/bin/npm-cli.js',
1 verbose cli   'run',
1 verbose cli   'dev',
1 verbose cli   '--scripts-prepend-node-path=auto' ]
2 info using npm@3.9.3
3 info using node@v6.2.1
4 verbose run-script [ 'predev', 'dev', 'postdev' ]
5 info lifecycle practice1@0.0.2~predev: practice1@0.0.2
6 silly lifecycle practice1@0.0.2~predev: no script for predev, continuing
7 info lifecycle practice1@0.0.2~dev: practice1@0.0.2
8 verbose lifecycle practice1@0.0.2~dev: unsafe-perm in lifecycle true
9 verbose lifecycle practice1@0.0.2~dev: PATH: /usr/local/lib/node_modules/npm/bin/node-gyp-bin:/Users/hedahai/Desktop/wechatproject/practice1/node_modules/.bin:/usr/local/Cellar/node/6.2.1/bin:/Users/hedahai/.rvm/gems/ruby-2.3.0/bin:/Users/hedahai/.rvm/gems/ruby-2.3.0@global/bin:/Users/hedahai/.rvm/rubies/ruby-2.3.0/bin:/Library/Java/JavaVirtualMachines/jdk1.8.0_191.jdk/Contents/Home/bin:/usr/local/bin:/usr/bin:/bin:/usr/sbin:/sbin:/Library/Frameworks/Mono.framework/Versions/Current/Commands:.:/Users/hedahai/.rvm/bin
10 verbose lifecycle practice1@0.0.2~dev: CWD: /Users/hedahai/Desktop/wechatproject/practice1
11 silly lifecycle practice1@0.0.2~dev: Args: [ '-c', 'cross-env NODE_ENV=dev wepy build --watch' ]
12 silly lifecycle practice1@0.0.2~dev: Returned: code: 1  signal: null
13 info lifecycle practice1@0.0.2~dev: Failed to exec dev script
14 verbose stack Error: practice1@0.0.2 dev: `cross-env NODE_ENV=dev wepy build --watch`
14 verbose stack Exit status 1
14 verbose stack     at EventEmitter.<anonymous> (/usr/local/lib/node_modules/npm/lib/utils/lifecycle.js:245:16)
14 verbose stack     at emitTwo (events.js:106:13)
14 verbose stack     at EventEmitter.emit (events.js:191:7)
14 verbose stack     at ChildProcess.<anonymous> (/usr/local/lib/node_modules/npm/lib/utils/spawn.js:24:14)
14 verbose stack     at emitTwo (events.js:106:13)
14 verbose stack     at ChildProcess.emit (events.js:191:7)
14 verbose stack     at maybeClose (internal/child_process.js:852:16)
14 verbose stack     at Process.ChildProcess._handle.onexit (internal/child_process.js:215:5)
15 verbose pkgid practice1@0.0.2
16 verbose cwd /Users/hedahai/Desktop/wechatproject/practice1
17 error Darwin 17.7.0
18 error argv "/usr/local/Cellar/node/6.2.1/bin/node" "/usr/local/lib/node_modules/npm/bin/npm-cli.js" "run" "dev" "--scripts-prepend-node-path=auto"
19 error node v6.2.1
20 error npm  v3.9.3
21 error code ELIFECYCLE
22 error practice1@0.0.2 dev: `cross-env NODE_ENV=dev wepy build --watch`
22 error Exit status 1
23 error Failed at the practice1@0.0.2 dev script 'cross-env NODE_ENV=dev wepy build --watch'.
23 error Make sure you have the latest version of node.js and npm installed.
23 error If you do, this is most likely a problem with the practice1 package,
23 error not with npm itself.
23 error Tell the author that this fails on your system:
23 error     cross-env NODE_ENV=dev wepy build --watch
23 error You can get information on how to open an issue for this project with:
23 error     npm bugs practice1
23 error Or if that isn't available, you can get their info via:
23 error     npm owner ls practice1
23 error There is likely additional logging output above.
24 verbose exit [ 1, true ]
